#
# A fatal error has been detected by the Java Runtime Environment:
#
#  Internal Error (t:/workspace/open/src/hotspot/share/oops/generateOopMap.cpp:2162), pid=13472, tid=1752
#  fatal error: Illegal class file encountered. Try running with -Xverify:all in method salvarEmpresa
#
# JRE version: Java(TM) SE Runtime Environment (10.0.1+10) (build 10.0.1+10)
# Java VM: Java HotSpot(TM) 64-Bit Server VM (10.0.1+10, mixed mode, tiered, compressed oops, g1 gc, windows-amd64)
# No core dump will be written. Minidumps are not enabled by default on client versions of Windows
#
# If you would like to submit a bug report, please visit:
#   http://bugreport.java.com/bugreport/crash.jsp
#

---------------  S U M M A R Y ------------

Command Line: -agentlib:jdwp=transport=dt_socket,suspend=y,address=localhost:50034 -ea -javaagent:D:\Desenvolvimento\devStudio\studio\configuration\org.eclipse.osgi\358\0\.cp\lib\javaagent-shaded.jar -Dfile.encoding=UTF-8 org.eclipse.jdt.internal.junit.runner.RemoteTestRunner -version 3 -port 50033 -testLoaderClass org.eclipse.jdt.internal.junit4.runner.JUnit4TestLoader -loaderpluginname org.eclipse.jdt.junit4.runtime -classNames br.com.acolhimento.teste.dao.EmpresaDAOTest

Host: Intel(R) Core(TM) i5-4210U CPU @ 1.70GHz, 4 cores, 7G,  Windows 10 , 64 bit Build 17134 (10.0.17134.1)
Time: Tue Oct 30 17:51:35 2018 Hora oficial do Brasil elapsed time: 2011 seconds (0d 0h 33m 31s)

---------------  T H R E A D  ---------------

Current thread (0x00000218ffec9800):  VMThread "VM Thread" [stack: 0x000000ed2a600000,0x000000ed2a700000] [id=1752]

Stack: [0x000000ed2a600000,0x000000ed2a700000]
[error occurred during error reporting (printing stack bounds), id 0xe0000000]

Native frames: (J=compiled Java code, j=interpreted, Vv=VM code, C=native code)
V  [jvm.dll+0x5a0369]
V  [jvm.dll+0x6bcf81]
V  [jvm.dll+0x6be176]
V  [jvm.dll+0x6be765]
V  [jvm.dll+0x6be71b]
V  [jvm.dll+0x59fb63]
V  [jvm.dll+0x59ff68]
C  [ntdll.dll+0x9ed2d]
C  [ntdll.dll+0x6c86]
C  [ntdll.dll+0x9dc5e]
C  0x0000021880000ead

VM_Operation (0x000000ed2afff110): GetOrSetLocal, mode: safepoint, requested by thread 0x000002188fd0c800


---------------  P R O C E S S  ---------------

Threads class SMR info:
_java_thread_list=0x000002188fef5df0, length=15, elements={
0x00000218f16e8000, 0x00000218ffed3000, 0x00000218ffee4000, 0x00000218ffef5000,
0x00000218ffef6000, 0x00000218ffef7000, 0x00000218ffefc000, 0x00000218fff09000,
0x000002188f97c000, 0x000002188fd0c800, 0x000002188fca7000, 0x000002188fd03000,
0x000002188fa40800, 0x000002188ff01800, 0x000002188ff5c000
}

Java Threads: ( => current thread )
  0x00000218f16e8000 JavaThread "main" [_thread_blocked, id=13216, stack(0x000000ed29a00000,0x000000ed29b00000)]
  0x00000218ffed3000 JavaThread "Reference Handler" daemon [_thread_blocked, id=9708, stack(0x000000ed2a700000,0x000000ed2a800000)]
  0x00000218ffee4000 JavaThread "Finalizer" daemon [_thread_blocked, id=6700, stack(0x000000ed2a800000,0x000000ed2a900000)]
  0x00000218ffef5000 JavaThread "Signal Dispatcher" daemon [_thread_blocked, id=13732, stack(0x000000ed2a900000,0x000000ed2aa00000)]
  0x00000218ffef6000 JavaThread "Attach Listener" daemon [_thread_blocked, id=11336, stack(0x000000ed2aa00000,0x000000ed2ab00000)]
  0x00000218ffef7000 JavaThread "C2 CompilerThread0" daemon [_thread_blocked, id=9164, stack(0x000000ed2ab00000,0x000000ed2ac00000)]
  0x00000218ffefc000 JavaThread "C2 CompilerThread1" daemon [_thread_blocked, id=15044, stack(0x000000ed2ac00000,0x000000ed2ad00000)]
  0x00000218fff09000 JavaThread "C1 CompilerThread2" daemon [_thread_blocked, id=1472, stack(0x000000ed2ad00000,0x000000ed2ae00000)]
  0x000002188f97c000 JavaThread "Sweeper thread" daemon [_thread_blocked, id=1576, stack(0x000000ed2ae00000,0x000000ed2af00000)]
  0x000002188fd0c800 JavaThread "JDWP Transport Listener: dt_socket" daemon [_thread_blocked, id=7632, stack(0x000000ed2af00000,0x000000ed2b000000)] _threads_hazard_ptr=0x000002188fef5df0
  0x000002188fca7000 JavaThread "JDWP Event Helper Thread" daemon [_thread_blocked, id=7284, stack(0x000000ed2b000000,0x000000ed2b100000)]
  0x000002188fd03000 JavaThread "JDWP Command Reader" daemon [_thread_in_native, id=10400, stack(0x000000ed2b100000,0x000000ed2b200000)]
  0x000002188fa40800 JavaThread "Common-Cleaner" daemon [_thread_blocked, id=16232, stack(0x000000ed2b200000,0x000000ed2b300000)]
  0x000002188ff01800 JavaThread "Service Thread" daemon [_thread_blocked, id=5960, stack(0x000000ed2b300000,0x000000ed2b400000)]
  0x000002188ff5c000 JavaThread "ReaderThread" [_thread_in_native, id=2628, stack(0x000000ed2b500000,0x000000ed2b600000)]

Other Threads:
=>0x00000218ffec9800 VMThread "VM Thread" [stack: 0x000000ed2a600000,0x000000ed2a700000] [id=1752]
  0x000002188fdd2800 WatcherThread [stack: 0x000000ed2b400000,0x000000ed2b500000] [id=1876]
  0x00000218f16ff800 GCTaskThread "GC Thread#0" [stack: 0x000000ed29b00000,0x000000ed29c00000] [id=14116]
  0x00000218f1702000 GCTaskThread "GC Thread#1" [stack: 0x000000ed29c00000,0x000000ed29d00000] [id=7076]
  0x00000218f1704000 GCTaskThread "GC Thread#2" [stack: 0x000000ed29d00000,0x000000ed29e00000] [id=9512]
  0x00000218f170d800 GCTaskThread "GC Thread#3" [stack: 0x000000ed29e00000,0x000000ed29f00000] [id=8724]
  0x00000218f177c800 ConcurrentGCThread "G1 Main Marker" [stack: 0x000000ed29f00000,0x000000ed2a000000] [id=7796]
  0x00000218f1781800 ConcurrentGCThread "G1 Conc#0" [stack: 0x000000ed2a000000,0x000000ed2a100000] [id=7592]
  0x00000218ffd59800 ConcurrentGCThread "G1 Refine#0" [stack: 0x000000ed2a100000,0x000000ed2a200000] [id=14684]
  0x00000218ffd5a000 ConcurrentGCThread "G1 Refine#1" [stack: 0x000000ed2a200000,0x000000ed2a300000] [id=1920]
  0x00000218ffd5b000 ConcurrentGCThread "G1 Refine#2" [stack: 0x000000ed2a300000,0x000000ed2a400000] [id=5812]
  0x00000218ffd5e000 ConcurrentGCThread "G1 Refine#3" [stack: 0x000000ed2a400000,0x000000ed2a500000] [id=11400]
  0x00000218ffd5f000 ConcurrentGCThread "G1 Young RemSet Sampling" [stack: 0x000000ed2a500000,0x000000ed2a600000] [id=7108]

Threads with active compile tasks:

VM state:at safepoint (normal execution)

VM Mutex/Monitor currently owned by a thread:  ([mutex/lock_event])
[0x00000218f16e5510] Threads_lock - owner thread: 0x00000218ffec9800

Heap address: 0x0000000081800000, size: 2024 MB, Compressed Oops mode: 32-bit
Narrow klass base: 0x0000000000000000, Narrow klass shift: 3
Compressed class space size: 1073741824 Address: 0x0000000100000000

Heap:
 garbage-first heap   total 131072K, used 3754K [0x0000000081800000, 0x0000000100000000)
  region size 1024K, 4 young (4096K), 2 survivors (2048K)
 Metaspace       used 10234K, capacity 10302K, committed 10624K, reserved 1058816K
  class space    used 996K, capacity 1025K, committed 1152K, reserved 1048576K
Heap Regions: E=young(eden), S=young(survivor), O=old, HS=humongous(starts), HC=humongous(continues), CS=collection set, F=free, A=archive, TS=gc time stamp, AC=allocation context, TAMS=top-at-mark-start (previous, next)
|   0|0x0000000081800000, 0x00000000818aa800, 0x0000000081900000| 66%| O|  |TS  1|AC  0|TAMS 0x0000000081800000, 0x0000000081800000|
|   1|0x0000000081900000, 0x0000000081900000, 0x0000000081a00000|  0%| F|  |TS  0|AC  0|TAMS 0x0000000081900000, 0x0000000081900000|
|   2|0x0000000081a00000, 0x0000000081a00000, 0x0000000081b00000|  0%| F|  |TS  0|AC  0|TAMS 0x0000000081a00000, 0x0000000081a00000|
|   3|0x0000000081b00000, 0x0000000081b00000, 0x0000000081c00000|  0%| F|  |TS  0|AC  0|TAMS 0x0000000081b00000, 0x0000000081b00000|
|   4|0x0000000081c00000, 0x0000000081c00000, 0x0000000081d00000|  0%| F|  |TS  0|AC  0|TAMS 0x0000000081c00000, 0x0000000081c00000|
|   5|0x0000000081d00000, 0x0000000081d00000, 0x0000000081e00000|  0%| F|  |TS  0|AC  0|TAMS 0x0000000081d00000, 0x0000000081d00000|
|   6|0x0000000081e00000, 0x0000000081e00000, 0x0000000081f00000|  0%| F|  |TS  0|AC  0|TAMS 0x0000000081e00000, 0x0000000081e00000|
|   7|0x0000000081f00000, 0x0000000081f00000, 0x0000000082000000|  0%| F|  |TS  0|AC  0|TAMS 0x0000000081f00000, 0x0000000081f00000|
|   8|0x0000000082000000, 0x0000000082000000, 0x0000000082100000|  0%| F|  |TS  0|AC  0|TAMS 0x0000000082000000, 0x0000000082000000|
|   9|0x0000000082100000, 0x0000000082100000, 0x0000000082200000|  0%| F|  |TS  0|AC  0|TAMS 0x0000000082100000, 0x0000000082100000|
|  10|0x0000000082200000, 0x0000000082200000, 0x0000000082300000|  0%| F|  |TS  0|AC  0|TAMS 0x0000000082200000, 0x0000000082200000|
|  11|0x0000000082300000, 0x0000000082300000, 0x0000000082400000|  0%| F|  |TS  0|AC  0|TAMS 0x0000000082300000, 0x0000000082300000|
|  12|0x0000000082400000, 0x0000000082400000, 0x0000000082500000|  0%| F|  |TS  0|AC  0|TAMS 0x0000000082400000, 0x0000000082400000|
|  13|0x0000000082500000, 0x0000000082500000, 0x0000000082600000|  0%| F|  |TS  0|AC  0|TAMS 0x0000000082500000, 0x0000000082500000|
|  14|0x0000000082600000, 0x0000000082600000, 0x0000000082700000|  0%| F|  |TS  0|AC  0|TAMS 0x0000000082600000, 0x0000000082600000|
|  15|0x0000000082700000, 0x0000000082700000, 0x0000000082800000|  0%| F|  |TS  0|AC  0|TAMS 0x0000000082700000, 0x0000000082700000|
|  16|0x0000000082800000, 0x0000000082800000, 0x0000000082900000|  0%| F|  |TS  0|AC  0|TAMS 0x0000000082800000, 0x0000000082800000|
|  17|0x0000000082900000, 0x0000000082900000, 0x0000000082a00000|  0%| F|  |TS  0|AC  0|TAMS 0x0000000082900000, 0x0000000082900000|
|  18|0x0000000082a00000, 0x0000000082a00000, 0x0000000082b00000|  0%| F|  |TS  0|AC  0|TAMS 0x0000000082a00000, 0x0000000082a00000|
|  19|0x0000000082b00000, 0x0000000082b00000, 0x0000000082c00000|  0%| F|  |TS  0|AC  0|TAMS 0x0000000082b00000, 0x0000000082b00000|
|  20|0x0000000082c00000, 0x0000000082c00000, 0x0000000082d00000|  0%| F|  |TS  0|AC  0|TAMS 0x0000000082c00000, 0x0000000082c00000|
|  21|0x0000000082d00000, 0x0000000082d00000, 0x0000000082e00000|  0%| F|  |TS  0|AC  0|TAMS 0x0000000082d00000, 0x0000000082d00000|
|  22|0x0000000082e00000, 0x0000000082e00000, 0x0000000082f00000|  0%| F|  |TS  0|AC  0|TAMS 0x0000000082e00000, 0x0000000082e00000|
|  23|0x0000000082f00000, 0x0000000082f00000, 0x0000000083000000|  0%| F|  |TS  0|AC  0|TAMS 0x0000000082f00000, 0x0000000082f00000|
|  24|0x0000000083000000, 0x0000000083000000, 0x0000000083100000|  0%| F|  |TS  0|AC  0|TAMS 0x0000000083000000, 0x0000000083000000|
|  25|0x0000000083100000, 0x0000000083100000, 0x0000000083200000|  0%| F|  |TS  0|AC  0|TAMS 0x0000000083100000, 0x0000000083100000|
|  26|0x0000000083200000, 0x0000000083200000, 0x0000000083300000|  0%| F|  |TS  0|AC  0|TAMS 0x0000000083200000, 0x0000000083200000|
|  27|0x0000000083300000, 0x0000000083300000, 0x0000000083400000|  0%| F|  |TS  0|AC  0|TAMS 0x0000000083300000, 0x0000000083300000|
|  28|0x0000000083400000, 0x0000000083400000, 0x0000000083500000|  0%| F|  |TS  0|AC  0|TAMS 0x0000000083400000, 0x0000000083400000|
|  29|0x0000000083500000, 0x0000000083500000, 0x0000000083600000|  0%| F|  |TS  0|AC  0|TAMS 0x0000000083500000, 0x0000000083500000|
|  30|0x0000000083600000, 0x0000000083600000, 0x0000000083700000|  0%| F|  |TS  0|AC  0|TAMS 0x0000000083600000, 0x0000000083600000|
|  31|0x0000000083700000, 0x0000000083700000, 0x0000000083800000|  0%| F|  |TS  0|AC  0|TAMS 0x0000000083700000, 0x0000000083700000|
|  32|0x0000000083800000, 0x0000000083800000, 0x0000000083900000|  0%| F|  |TS  0|AC  0|TAMS 0x0000000083800000, 0x0000000083800000|
|  33|0x0000000083900000, 0x0000000083900000, 0x0000000083a00000|  0%| F|  |TS  0|AC  0|TAMS 0x0000000083900000, 0x0000000083900000|
|  34|0x0000000083a00000, 0x0000000083a00000, 0x0000000083b00000|  0%| F|  |TS  0|AC  0|TAMS 0x0000000083a00000, 0x0000000083a00000|
|  35|0x0000000083b00000, 0x0000000083b00000, 0x0000000083c00000|  0%| F|  |TS  0|AC  0|TAMS 0x0000000083b00000, 0x0000000083b00000|
|  36|0x0000000083c00000, 0x0000000083c00000, 0x0000000083d00000|  0%| F|  |TS  0|AC  0|TAMS 0x0000000083c00000, 0x0000000083c00000|
|  37|0x0000000083d00000, 0x0000000083d00000, 0x0000000083e00000|  0%| F|  |TS  0|AC  0|TAMS 0x0000000083d00000, 0x0000000083d00000|
|  38|0x0000000083e00000, 0x0000000083e00000, 0x0000000083f00000|  0%| F|  |TS  0|AC  0|TAMS 0x0000000083e00000, 0x0000000083e00000|
|  39|0x0000000083f00000, 0x0000000083f00000, 0x0000000084000000|  0%| F|  |TS  0|AC  0|TAMS 0x0000000083f00000, 0x0000000083f00000|
|  40|0x0000000084000000, 0x0000000084000000, 0x0000000084100000|  0%| F|  |TS  0|AC  0|TAMS 0x0000000084000000, 0x0000000084000000|
|  41|0x0000000084100000, 0x0000000084100000, 0x0000000084200000|  0%| F|  |TS  0|AC  0|TAMS 0x0000000084100000, 0x0000000084100000|
|  42|0x0000000084200000, 0x0000000084200000, 0x0000000084300000|  0%| F|  |TS  0|AC  0|TAMS 0x0000000084200000, 0x0000000084200000|
|  43|0x0000000084300000, 0x0000000084300000, 0x0000000084400000|  0%| F|  |TS  0|AC  0|TAMS 0x0000000084300000, 0x0000000084300000|
|  44|0x0000000084400000, 0x0000000084400000, 0x0000000084500000|  0%| F|  |TS  0|AC  0|TAMS 0x0000000084400000, 0x0000000084400000|
|  45|0x0000000084500000, 0x0000000084500000, 0x0000000084600000|  0%| F|  |TS  0|AC  0|TAMS 0x0000000084500000, 0x0000000084500000|
|  46|0x0000000084600000, 0x0000000084600000, 0x0000000084700000|  0%| F|  |TS  0|AC  0|TAMS 0x0000000084600000, 0x0000000084600000|
|  47|0x0000000084700000, 0x0000000084700000, 0x0000000084800000|  0%| F|  |TS  0|AC  0|TAMS 0x0000000084700000, 0x0000000084700000|
|  48|0x0000000084800000, 0x0000000084800000, 0x0000000084900000|  0%| F|  |TS  0|AC  0|TAMS 0x0000000084800000, 0x0000000084800000|
|  49|0x0000000084900000, 0x0000000084900000, 0x0000000084a00000|  0%| F|  |TS  0|AC  0|TAMS 0x0000000084900000, 0x0000000084900000|
|  50|0x0000000084a00000, 0x0000000084a00000, 0x0000000084b00000|  0%| F|  |TS  0|AC  0|TAMS 0x0000000084a00000, 0x0000000084a00000|
|  51|0x0000000084b00000, 0x0000000084b00000, 0x0000000084c00000|  0%| F|  |TS  0|AC  0|TAMS 0x0000000084b00000, 0x0000000084b00000|
|  52|0x0000000084c00000, 0x0000000084c00000, 0x0000000084d00000|  0%| F|  |TS  0|AC  0|TAMS 0x0000000084c00000, 0x0000000084c00000|
|  53|0x0000000084d00000, 0x0000000084d00000, 0x0000000084e00000|  0%| F|  |TS  0|AC  0|TAMS 0x0000000084d00000, 0x0000000084d00000|
|  54|0x0000000084e00000, 0x0000000084e00000, 0x0000000084f00000|  0%| F|  |TS  0|AC  0|TAMS 0x0000000084e00000, 0x0000000084e00000|
|  55|0x0000000084f00000, 0x0000000084f00000, 0x0000000085000000|  0%| F|  |TS  0|AC  0|TAMS 0x0000000084f00000, 0x0000000084f00000|
|  56|0x0000000085000000, 0x0000000085000000, 0x0000000085100000|  0%| F|  |TS  0|AC  0|TAMS 0x0000000085000000, 0x0000000085000000|
|  57|0x0000000085100000, 0x0000000085100000, 0x0000000085200000|  0%| F|  |TS  0|AC  0|TAMS 0x0000000085100000, 0x0000000085100000|
|  58|0x0000000085200000, 0x0000000085200000, 0x0000000085300000|  0%| F|  |TS  0|AC  0|TAMS 0x0000000085200000, 0x0000000085200000|
|  59|0x0000000085300000, 0x0000000085300000, 0x0000000085400000|  0%| F|  |TS  0|AC  0|TAMS 0x0000000085300000, 0x0000000085300000|
|  60|0x0000000085400000, 0x0000000085400000, 0x0000000085500000|  0%| F|  |TS  0|AC  0|TAMS 0x0000000085400000, 0x0000000085400000|
|  61|0x0000000085500000, 0x0000000085500000, 0x0000000085600000|  0%| F|  |TS  0|AC  0|TAMS 0x0000000085500000, 0x0000000085500000|
|  62|0x0000000085600000, 0x0000000085600000, 0x0000000085700000|  0%| F|  |TS  0|AC  0|TAMS 0x0000000085600000, 0x0000000085600000|
|  63|0x0000000085700000, 0x0000000085700000, 0x0000000085800000|  0%| F|  |TS  0|AC  0|TAMS 0x0000000085700000, 0x0000000085700000|
|  64|0x0000000085800000, 0x0000000085800000, 0x0000000085900000|  0%| F|  |TS  0|AC  0|TAMS 0x0000000085800000, 0x0000000085800000|
|  65|0x0000000085900000, 0x0000000085900000, 0x0000000085a00000|  0%| F|  |TS  0|AC  0|TAMS 0x0000000085900000, 0x0000000085900000|
|  66|0x0000000085a00000, 0x0000000085a00000, 0x0000000085b00000|  0%| F|  |TS  0|AC  0|TAMS 0x0000000085a00000, 0x0000000085a00000|
|  67|0x0000000085b00000, 0x0000000085b00000, 0x0000000085c00000|  0%| F|  |TS  0|AC  0|TAMS 0x0000000085b00000, 0x0000000085b00000|
|  68|0x0000000085c00000, 0x0000000085c00000, 0x0000000085d00000|  0%| F|  |TS  0|AC  0|TAMS 0x0000000085c00000, 0x0000000085c00000|
|  69|0x0000000085d00000, 0x0000000085d00000, 0x0000000085e00000|  0%| F|  |TS  0|AC  0|TAMS 0x0000000085d00000, 0x0000000085d00000|
|  70|0x0000000085e00000, 0x0000000085e00000, 0x0000000085f00000|  0%| F|  |TS  0|AC  0|TAMS 0x0000000085e00000, 0x0000000085e00000|
|  71|0x0000000085f00000, 0x0000000085f00000, 0x0000000086000000|  0%| F|  |TS  0|AC  0|TAMS 0x0000000085f00000, 0x0000000085f00000|
|  72|0x0000000086000000, 0x0000000086000000, 0x0000000086100000|  0%| F|  |TS  0|AC  0|TAMS 0x0000000086000000, 0x0000000086000000|
|  73|0x0000000086100000, 0x0000000086100000, 0x0000000086200000|  0%| F|  |TS  0|AC  0|TAMS 0x0000000086100000, 0x0000000086100000|
|  74|0x0000000086200000, 0x0000000086200000, 0x0000000086300000|  0%| F|  |TS  0|AC  0|TAMS 0x0000000086200000, 0x0000000086200000|
|  75|0x0000000086300000, 0x0000000086300000, 0x0000000086400000|  0%| F|  |TS  0|AC  0|TAMS 0x0000000086300000, 0x0000000086300000|
|  76|0x0000000086400000, 0x0000000086400000, 0x0000000086500000|  0%| F|  |TS  0|AC  0|TAMS 0x0000000086400000, 0x0000000086400000|
|  77|0x0000000086500000, 0x0000000086500000, 0x0000000086600000|  0%| F|  |TS  0|AC  0|TAMS 0x0000000086500000, 0x0000000086500000|
|  78|0x0000000086600000, 0x0000000086600000, 0x0000000086700000|  0%| F|  |TS  0|AC  0|TAMS 0x0000000086600000, 0x0000000086600000|
|  79|0x0000000086700000, 0x0000000086700000, 0x0000000086800000|  0%| F|  |TS  0|AC  0|TAMS 0x0000000086700000, 0x0000000086700000|
|  80|0x0000000086800000, 0x0000000086800000, 0x0000000086900000|  0%| F|  |TS  0|AC  0|TAMS 0x0000000086800000, 0x0000000086800000|
|  81|0x0000000086900000, 0x0000000086900000, 0x0000000086a00000|  0%| F|  |TS  0|AC  0|TAMS 0x0000000086900000, 0x0000000086900000|
|  82|0x0000000086a00000, 0x0000000086a00000, 0x0000000086b00000|  0%| F|  |TS  0|AC  0|TAMS 0x0000000086a00000, 0x0000000086a00000|
|  83|0x0000000086b00000, 0x0000000086b00000, 0x0000000086c00000|  0%| F|  |TS  0|AC  0|TAMS 0x0000000086b00000, 0x0000000086b00000|
|  84|0x0000000086c00000, 0x0000000086c00000, 0x0000000086d00000|  0%| F|  |TS  0|AC  0|TAMS 0x0000000086c00000, 0x0000000086c00000|
|  85|0x0000000086d00000, 0x0000000086d00000, 0x0000000086e00000|  0%| F|  |TS  0|AC  0|TAMS 0x0000000086d00000, 0x0000000086d00000|
|  86|0x0000000086e00000, 0x0000000086e00000, 0x0000000086f00000|  0%| F|  |TS  0|AC  0|TAMS 0x0000000086e00000, 0x0000000086e00000|
|  87|0x0000000086f00000, 0x0000000086f00000, 0x0000000087000000|  0%| F|  |TS  0|AC  0|TAMS 0x0000000086f00000, 0x0000000086f00000|
|  88|0x0000000087000000, 0x0000000087000000, 0x0000000087100000|  0%| F|  |TS  0|AC  0|TAMS 0x0000000087000000, 0x0000000087000000|
|  89|0x0000000087100000, 0x0000000087100000, 0x0000000087200000|  0%| F|  |TS  0|AC  0|TAMS 0x0000000087100000, 0x0000000087100000|
|  90|0x0000000087200000, 0x0000000087200000, 0x0000000087300000|  0%| F|  |TS  0|AC  0|TAMS 0x0000000087200000, 0x0000000087200000|
|  91|0x0000000087300000, 0x0000000087300000, 0x0000000087400000|  0%| F|  |TS  0|AC  0|TAMS 0x0000000087300000, 0x0000000087300000|
|  92|0x0000000087400000, 0x0000000087400000, 0x0000000087500000|  0%| F|  |TS  0|AC  0|TAMS 0x0000000087400000, 0x0000000087400000|
|  93|0x0000000087500000, 0x0000000087500000, 0x0000000087600000|  0%| F|  |TS  0|AC  0|TAMS 0x0000000087500000, 0x0000000087500000|
|  94|0x0000000087600000, 0x0000000087600000, 0x0000000087700000|  0%| F|  |TS  0|AC  0|TAMS 0x0000000087600000, 0x0000000087600000|
|  95|0x0000000087700000, 0x0000000087700000, 0x0000000087800000|  0%| F|  |TS  0|AC  0|TAMS 0x0000000087700000, 0x0000000087700000|
|  96|0x0000000087800000, 0x0000000087800000, 0x0000000087900000|  0%| F|  |TS  0|AC  0|TAMS 0x0000000087800000, 0x0000000087800000|
|  97|0x0000000087900000, 0x0000000087900000, 0x0000000087a00000|  0%| F|  |TS  0|AC  0|TAMS 0x0000000087900000, 0x0000000087900000|
|  98|0x0000000087a00000, 0x0000000087a00000, 0x0000000087b00000|  0%| F|  |TS  0|AC  0|TAMS 0x0000000087a00000, 0x0000000087a00000|
|  99|0x0000000087b00000, 0x0000000087b00000, 0x0000000087c00000|  0%| F|  |TS  0|AC  0|TAMS 0x0000000087b00000, 0x0000000087b00000|
| 100|0x0000000087c00000, 0x0000000087c00000, 0x0000000087d00000|  0%| F|  |TS  0|AC  0|TAMS 0x0000000087c00000, 0x0000000087c00000|
| 101|0x0000000087d00000, 0x0000000087d00000, 0x0000000087e00000|  0%| F|  |TS  0|AC  0|TAMS 0x0000000087d00000, 0x0000000087d00000|
| 102|0x0000000087e00000, 0x0000000087e00000, 0x0000000087f00000|  0%| F|  |TS  0|AC  0|TAMS 0x0000000087e00000, 0x0000000087e00000|
| 103|0x0000000087f00000, 0x0000000087f00000, 0x0000000088000000|  0%| F|  |TS  0|AC  0|TAMS 0x0000000087f00000, 0x0000000087f00000|
| 104|0x0000000088000000, 0x0000000088000000, 0x0000000088100000|  0%| F|  |TS  0|AC  0|TAMS 0x0000000088000000, 0x0000000088000000|
| 105|0x0000000088100000, 0x0000000088100000, 0x0000000088200000|  0%| F|  |TS  0|AC  0|TAMS 0x0000000088100000, 0x0000000088100000|
| 106|0x0000000088200000, 0x0000000088200000, 0x0000000088300000|  0%| F|  |TS  0|AC  0|TAMS 0x0000000088200000, 0x0000000088200000|
| 107|0x0000000088300000, 0x0000000088300000, 0x0000000088400000|  0%| F|  |TS  0|AC  0|TAMS 0x0000000088300000, 0x0000000088300000|
| 108|0x0000000088400000, 0x0000000088400000, 0x0000000088500000|  0%| F|  |TS  0|AC  0|TAMS 0x0000000088400000, 0x0000000088400000|
| 109|0x0000000088500000, 0x0000000088500000, 0x0000000088600000|  0%| F|  |TS  0|AC  0|TAMS 0x0000000088500000, 0x0000000088500000|
| 110|0x0000000088600000, 0x0000000088600000, 0x0000000088700000|  0%| F|  |TS  0|AC  0|TAMS 0x0000000088600000, 0x0000000088600000|
| 111|0x0000000088700000, 0x0000000088700000, 0x0000000088800000|  0%| F|  |TS  0|AC  0|TAMS 0x0000000088700000, 0x0000000088700000|
| 112|0x0000000088800000, 0x0000000088900000, 0x0000000088900000|100%| S|CS|TS  1|AC  0|TAMS 0x0000000088800000, 0x0000000088800000|
| 113|0x0000000088900000, 0x0000000088a00000, 0x0000000088a00000|100%| S|CS|TS  1|AC  0|TAMS 0x0000000088900000, 0x0000000088900000|
| 114|0x0000000088a00000, 0x0000000088a00000, 0x0000000088b00000|  0%| F|  |TS  1|AC  0|TAMS 0x0000000088a00000, 0x0000000088a00000|
| 115|0x0000000088b00000, 0x0000000088b00000, 0x0000000088c00000|  0%| F|  |TS  1|AC  0|TAMS 0x0000000088b00000, 0x0000000088b00000|
| 116|0x0000000088c00000, 0x0000000088c00000, 0x0000000088d00000|  0%| F|  |TS  1|AC  0|TAMS 0x0000000088c00000, 0x0000000088c00000|
| 117|0x0000000088d00000, 0x0000000088d00000, 0x0000000088e00000|  0%| F|  |TS  1|AC  0|TAMS 0x0000000088d00000, 0x0000000088d00000|
| 118|0x0000000088e00000, 0x0000000088e00000, 0x0000000088f00000|  0%| F|  |TS  1|AC  0|TAMS 0x0000000088e00000, 0x0000000088e00000|
| 119|0x0000000088f00000, 0x0000000088f00000, 0x0000000089000000|  0%| F|  |TS  1|AC  0|TAMS 0x0000000088f00000, 0x0000000088f00000|
| 120|0x0000000089000000, 0x0000000089000000, 0x0000000089100000|  0%| F|  |TS  1|AC  0|TAMS 0x0000000089000000, 0x0000000089000000|
| 121|0x0000000089100000, 0x0000000089100000, 0x0000000089200000|  0%| F|  |TS  1|AC  0|TAMS 0x0000000089100000, 0x0000000089100000|
| 122|0x0000000089200000, 0x0000000089200000, 0x0000000089300000|  0%| F|  |TS  1|AC  0|TAMS 0x0000000089200000, 0x0000000089200000|
| 123|0x0000000089300000, 0x0000000089300000, 0x0000000089400000|  0%| F|  |TS  1|AC  0|TAMS 0x0000000089300000, 0x0000000089300000|
| 124|0x0000000089400000, 0x0000000089400000, 0x0000000089500000|  0%| F|  |TS  1|AC  0|TAMS 0x0000000089400000, 0x0000000089400000|
| 125|0x0000000089500000, 0x0000000089500000, 0x0000000089600000|  0%| F|  |TS  1|AC  0|TAMS 0x0000000089500000, 0x0000000089500000|
| 126|0x0000000089600000, 0x0000000089700000, 0x0000000089700000|100%| E|  |TS  1|AC  0|TAMS 0x0000000089600000, 0x0000000089600000|
| 127|0x0000000089700000, 0x0000000089800000, 0x0000000089800000|100%| E|CS|TS  1|AC  0|TAMS 0x0000000089700000, 0x0000000089700000|

Card table byte_map: [0x00000218f9290000,0x00000218f9690000] byte_map_base: 0x00000218f8e84000

Marking Bits (Prev, Next): (CMBitMap*) 0x00000218f177ba70, (CMBitMap*) 0x00000218f177baa8
 Prev Bits: [0x00000218f9a90000, 0x00000218fba30000)
 Next Bits: [0x00000218fba30000, 0x00000218fd9d0000)

Polling page: 0x00000218ef5f0000

CodeHeap 'non-profiled nmethods': size=120064Kb used=310Kb max_used=310Kb free=119753Kb
 bounds [0x0000021887ac0000, 0x0000021887d30000, 0x000002188f000000]
CodeHeap 'profiled nmethods': size=120000Kb used=1709Kb max_used=1709Kb free=118290Kb
 bounds [0x0000021880590000, 0x0000021880800000, 0x0000021887ac0000]
CodeHeap 'non-nmethods': size=5696Kb used=1147Kb max_used=1174Kb free=4548Kb
 bounds [0x0000021880000000, 0x0000021880270000, 0x0000021880590000]
 total_blobs=1410 nmethods=817 adapters=282
 compilation: enabled

Compilation events (10 events):
Event: 1.164 Thread 0x00000218ffefc000 nmethod 794 0x0000021887b09410 code [0x0000021887b09600, 0x0000021887b0a1d8]
Event: 1.164 Thread 0x00000218ffefc000  803       4       org.eclipse.jdt.launching.internal.org.objectweb.asm.ByteVector::putUTF8 (142 bytes)
Event: 1.166 Thread 0x00000218fff09000  816       3       org.eclipse.jdt.launching.internal.org.objectweb.asm.ClassWriter::toByteArray (1350 bytes)
Event: 1.174 Thread 0x00000218fff09000 nmethod 816 0x0000021880735890 code [0x0000021880736120, 0x00000218807399b0]
Event: 1.180 Thread 0x00000218ffefc000 nmethod 803 0x0000021887b0a690 code [0x0000021887b0a860, 0x0000021887b0b218]
Event: 1.180 Thread 0x00000218ffefc000  815       4       java.lang.String::hashCode (49 bytes)
Event: 1.186 Thread 0x00000218ffefc000 nmethod 815 0x0000021887b0b710 code [0x0000021887b0b8c0, 0x0000021887b0bb08]
Event: 1.187 Thread 0x00000218ffef7000 nmethod 802 0x0000021887b0bc90 code [0x0000021887b0be60, 0x0000021887b0cd58]
Event: 257.921 Thread 0x00000218ffefc000  817       4       org.eclipse.jdt.launching.internal.org.objectweb.asm.ByteVector::put12 (64 bytes)
Event: 257.987 Thread 0x00000218ffefc000 nmethod 817 0x0000021887b0d410 code [0x0000021887b0d5c0, 0x0000021887b0d7e8]

GC Heap History (2 events):
Event: 1.135 GC heap before
{Heap before GC invocations=0 (full 0):
 garbage-first heap   total 131072K, used 14336K [0x0000000081800000, 0x0000000100000000)
  region size 1024K, 14 young (14336K), 0 survivors (0K)
 Metaspace       used 9878K, capacity 10040K, committed 10240K, reserved 1058816K
  class space    used 959K, capacity 1024K, committed 1024K, reserved 1048576K
}
Event: 1.140 GC heap after
{Heap after GC invocations=1 (full 0):
 garbage-first heap   total 131072K, used 2730K [0x0000000081800000, 0x0000000100000000)
  region size 1024K, 2 young (2048K), 2 survivors (2048K)
 Metaspace       used 9878K, capacity 10040K, committed 10240K, reserved 1058816K
  class space    used 959K, capacity 1024K, committed 1024K, reserved 1048576K
}

Deoptimization events (10 events):
Event: 0.412 Thread 0x00000218f16e8000 Uncommon trap: reason=unstable_if action=reinterpret pc=0x0000021887ac24fc method=java.lang.String.isLatin1()Z @ 10 c2
Event: 0.460 Thread 0x00000218f16e8000 Uncommon trap: reason=unstable_if action=reinterpret pc=0x0000021887acd528 method=java.util.HashMap.putVal(ILjava/lang/Object;Ljava/lang/Object;ZZ)Ljava/lang/Object; @ 69 c2
Event: 0.599 Thread 0x00000218f16e8000 Uncommon trap: reason=unstable_if action=reinterpret pc=0x0000021887ac27f4 method=java.lang.String.isLatin1()Z @ 10 c2
Event: 0.992 Thread 0x00000218f16e8000 Uncommon trap: reason=unstable_fused_if action=reinterpret pc=0x0000021887acebd0 method=java.util.HashMap.resize()[Ljava/util/HashMap$Node; @ 31 c2
Event: 1.040 Thread 0x00000218f16e8000 Uncommon trap: reason=unstable_if action=reinterpret pc=0x0000021887af3184 method=java.util.HashMap.getNode(ILjava/lang/Object;)Ljava/util/HashMap$Node; @ 62 c2
Event: 1.119 Thread 0x00000218f16e8000 Uncommon trap: reason=unstable_if action=reinterpret pc=0x0000021887aed9cc method=org.eclipse.jdt.launching.internal.org.objectweb.asm.ClassReader.readUTF(II[C)Ljava/lang/String; @ 41 c2
Event: 1.119 Thread 0x00000218f16e8000 Uncommon trap: reason=unstable_fused_if action=reinterpret pc=0x0000021887af53a0 method=org.eclipse.jdt.launching.internal.org.objectweb.asm.ByteVector.putUTF8(Ljava/lang/String;)Lorg/eclipse/jdt/launching/internal/org/objectweb/asm/ByteVector; @ 91 c2
Event: 1.119 Thread 0x00000218f16e8000 Uncommon trap: reason=unstable_fused_if action=reinterpret pc=0x0000021887aecd04 method=org.eclipse.jdt.launching.internal.org.objectweb.asm.ByteVector.putUTF8(Ljava/lang/String;)Lorg/eclipse/jdt/launching/internal/org/objectweb/asm/ByteVector; @ 91 c2
Event: 1.120 Thread 0x00000218f16e8000 Uncommon trap: reason=unstable_if action=reinterpret pc=0x0000021887b006b4 method=java.lang.StringUTF16.compress([CII)[B @ 13 c2
Event: 1.120 Thread 0x00000218f16e8000 Uncommon trap: reason=unstable_if action=reinterpret pc=0x0000021887ae8f38 method=java.lang.String.hashCode()I @ 22 c2

Classes redefined (10 events):
Event: 257.968 Thread 0x00000218ffec9800 redefined class name=br.com.acolhimento.domain.Endereco, count=1
Event: 257.972 Thread 0x00000218ffec9800 redefined class name=br.com.acolhimento.teste.dao.EmpresaDAOTest, count=1
Event: 257.977 Thread 0x00000218ffec9800 redefined class name=br.com.acolhimento.dao.EmpresaDAO, count=1
Event: 257.981 Thread 0x00000218ffec9800 redefined class name=br.com.acolhimento.dao.EnderecoDAO, count=1
Event: 257.985 Thread 0x00000218ffec9800 redefined class name=br.com.acolhimento.dao.GenericDAO, count=1
Event: 670.396 Thread 0x00000218ffec9800 redefined class name=br.com.acolhimento.teste.dao.EmpresaDAOTest, count=2
Event: 670.399 Thread 0x00000218ffec9800 redefined class name=br.com.acolhimento.dao.EnderecoDAO, count=3
Event: 728.210 Thread 0x00000218ffec9800 redefined class name=br.com.acolhimento.dao.EnderecoDAO, count=4
Event: 1817.962 Thread 0x00000218ffec9800 redefined class name=br.com.acolhimento.dao.EnderecoDAO, count=5
Event: 2011.494 Thread 0x00000218ffec9800 redefined class name=br.com.acolhimento.dao.EnderecoDAO, count=6

Internal exceptions (10 events):
Event: 0.489 Thread 0x00000218f16e8000 Exception <a 'java/security/PrivilegedActionException'{0x0000000089455e88}> (0x0000000089455e88) thrown at [t:/workspace/open/src/hotspot/share/prims/jvm.cpp, line 1345]
Event: 0.489 Thread 0x00000218f16e8000 Exception <a 'java/security/PrivilegedActionException'{0x0000000089456158}> (0x0000000089456158) thrown at [t:/workspace/open/src/hotspot/share/prims/jvm.cpp, line 1345]
Event: 0.493 Thread 0x00000218f16e8000 Exception <a 'java/security/PrivilegedActionException'{0x00000000894a9938}> (0x00000000894a9938) thrown at [t:/workspace/open/src/hotspot/share/prims/jvm.cpp, line 1345]
Event: 0.493 Thread 0x00000218f16e8000 Exception <a 'java/security/PrivilegedActionException'{0x00000000894a9c08}> (0x00000000894a9c08) thrown at [t:/workspace/open/src/hotspot/share/prims/jvm.cpp, line 1345]
Event: 1.009 Thread 0x00000218f16e8000 Exception <a 'java/lang/NoSuchMethodError'{0x0000000088c161a8}: method resolution failed> (0x0000000088c161a8) thrown at [t:/workspace/open/src/hotspot/share/prims/methodHandles.cpp, line 1226]
Event: 1.024 Thread 0x00000218f16e8000 Exception <a 'java/lang/NoSuchMethodError'{0x0000000088c2ee08}: java.lang.invoke.DirectMethodHandle$Holder.invokeStatic(Ljava/lang/Object;Ljava/lang/Object;)I> (0x0000000088c2ee08) thrown at [t:/workspace/open/src/hotspot/share/interpreter/linkResolver.cp
Event: 1.029 Thread 0x00000218f16e8000 Exception <a 'java/lang/NoSuchMethodError'{0x0000000088c3f188}: java.lang.Object.of([Ljava/lang/Object;)Ljava/util/stream/Stream;> (0x0000000088c3f188) thrown at [t:/workspace/open/src/hotspot/share/interpreter/linkResolver.cpp, line 741]
Event: 1.086 Thread 0x00000218f16e8000 Exception <a 'java/lang/NoSuchMethodError'{0x0000000088bb4eb8}: java.lang.Object.lambda$negate$3(I)Z> (0x0000000088bb4eb8) thrown at [t:/workspace/open/src/hotspot/share/interpreter/linkResolver.cpp, line 741]
Event: 1.088 Thread 0x00000218f16e8000 Exception <a 'java/lang/NoSuchMethodError'{0x0000000088bb87b8}: java.lang.Object.lambda$union$3(Ljava/util/regex/Pattern$CharPredicate;I)Z> (0x0000000088bb87b8) thrown at [t:/workspace/open/src/hotspot/share/interpreter/linkResolver.cpp, line 741]
Event: 1.097 Thread 0x00000218f16e8000 Exception <a 'java/lang/NoSuchMethodError'{0x0000000088bd60a0}: java.lang.Object.lambda$union$2(Ljava/util/regex/Pattern$CharPredicate;I)Z> (0x0000000088bd60a0) thrown at [t:/workspace/open/src/hotspot/share/interpreter/linkResolver.cpp, line 741]

Events (10 events):
Event: 2011.510 Executing VM operation: GetFrameLocation done
Event: 2011.595 Executing VM operation: GetFrameCount
Event: 2011.595 Executing VM operation: GetFrameCount done
Event: 2011.595 Executing VM operation: GetOwnedMonitorInfo
Event: 2011.595 Executing VM operation: GetOwnedMonitorInfo done
Event: 2011.595 Executing VM operation: GetCurrentContendedMonitor
Event: 2011.595 Executing VM operation: GetCurrentContendedMonitor done
Event: 2011.601 Executing VM operation: GetFrameLocation
Event: 2011.601 Executing VM operation: GetFrameLocation done
Event: 2011.601 Executing VM operation: GetOrSetLocal


Dynamic libraries:
0x00007ff63ac30000 - 0x00007ff63ac6e000 	C:\Program Files\Java\jre-10.0.1\bin\javaw.exe
0x00007fff51da0000 - 0x00007fff51f81000 	C:\Windows\SYSTEM32\ntdll.dll
0x00007fff50270000 - 0x00007fff50322000 	C:\Windows\System32\KERNEL32.DLL
0x00007fff4e690000 - 0x00007fff4e903000 	C:\Windows\System32\KERNELBASE.dll
0x00007fff50060000 - 0x00007fff50101000 	C:\Windows\System32\ADVAPI32.dll
0x00007fff4f770000 - 0x00007fff4f80e000 	C:\Windows\System32\msvcrt.dll
0x00007fff51ca0000 - 0x00007fff51cfb000 	C:\Windows\System32\sechost.dll
0x00007fff4fc90000 - 0x00007fff4fdb4000 	C:\Windows\System32\RPCRT4.dll
0x00007fff51b10000 - 0x00007fff51ca0000 	C:\Windows\System32\USER32.dll
0x00007fff4f210000 - 0x00007fff4f230000 	C:\Windows\System32\win32u.dll
0x00007fff4fae0000 - 0x00007fff4fb08000 	C:\Windows\System32\GDI32.dll
0x00007fff4e4f0000 - 0x00007fff4e682000 	C:\Windows\System32\gdi32full.dll
0x00007fff4e1f0000 - 0x00007fff4e28f000 	C:\Windows\System32\msvcp_win.dll
0x00007fff4e290000 - 0x00007fff4e38a000 	C:\Windows\System32\ucrtbase.dll
0x00007fff3fbe0000 - 0x00007fff3fe49000 	C:\Windows\WinSxS\amd64_microsoft.windows.common-controls_6595b64144ccf1df_6.0.17134.345_none_fb429a5930656358\COMCTL32.dll
0x00007fff517e0000 - 0x00007fff51b03000 	C:\Windows\System32\combase.dll
0x00007fff44d30000 - 0x00007fff44d3a000 	C:\Windows\SYSTEM32\VERSION.dll
0x00007fff4e170000 - 0x00007fff4e1ea000 	C:\Windows\System32\bcryptPrimitives.dll
0x00007fff4f810000 - 0x00007fff4f83d000 	C:\Windows\System32\IMM32.DLL
0x00007fff21570000 - 0x00007fff2165f000 	C:\Program Files\Java\jre-10.0.1\bin\msvcr120.dll
0x00007fff25820000 - 0x00007fff258c6000 	C:\Program Files\Java\jre-10.0.1\bin\msvcp120.dll
0x000000006ca20000 - 0x000000006d490000 	C:\Program Files\Java\jre-10.0.1\bin\server\jvm.dll
0x00007fff50040000 - 0x00007fff50048000 	C:\Windows\System32\PSAPI.DLL
0x00007fff4aaf0000 - 0x00007fff4ab13000 	C:\Windows\SYSTEM32\WINMM.dll
0x00007fff414e0000 - 0x00007fff414e9000 	C:\Windows\SYSTEM32\WSOCK32.dll
0x00007fff4aac0000 - 0x00007fff4aaea000 	C:\Windows\SYSTEM32\WINMMBASE.dll
0x00007fff4e390000 - 0x00007fff4e3d9000 	C:\Windows\System32\cfgmgr32.dll
0x00007fff51770000 - 0x00007fff517dc000 	C:\Windows\System32\WS2_32.dll
0x00007fff4abd0000 - 0x00007fff4abdf000 	C:\Program Files\Java\jre-10.0.1\bin\verify.dll
0x00007fff3e840000 - 0x00007fff3ea09000 	C:\Windows\SYSTEM32\DBGHELP.DLL
0x00007fff3e7f0000 - 0x00007fff3e819000 	C:\Windows\SYSTEM32\dbgcore.DLL
0x00007fff32470000 - 0x00007fff32497000 	C:\Program Files\Java\jre-10.0.1\bin\java.dll
0x00007fff31620000 - 0x00007fff31656000 	C:\Program Files\Java\jre-10.0.1\bin\jdwp.dll
0x00007fff2c130000 - 0x00007fff2c15a000 	C:\Program Files\Java\jre-10.0.1\bin\instrument.dll
0x00007fff3e610000 - 0x00007fff3e626000 	C:\Program Files\Java\jre-10.0.1\bin\zip.dll
0x00007fff4abc0000 - 0x00007fff4abca000 	C:\Program Files\Java\jre-10.0.1\bin\jimage.dll
0x00007fff50330000 - 0x00007fff5176f000 	C:\Windows\System32\SHELL32.dll
0x00007fff4f840000 - 0x00007fff4f8e9000 	C:\Windows\System32\shcore.dll
0x00007fff4e910000 - 0x00007fff4f01d000 	C:\Windows\System32\windows.storage.dll
0x00007fff4fa80000 - 0x00007fff4fad1000 	C:\Windows\System32\shlwapi.dll
0x00007fff4e150000 - 0x00007fff4e161000 	C:\Windows\System32\kernel.appcore.dll
0x00007fff4e0c0000 - 0x00007fff4e0df000 	C:\Windows\System32\profapi.dll
0x00007fff4e100000 - 0x00007fff4e14c000 	C:\Windows\System32\powrprof.dll
0x00007fff4e0b0000 - 0x00007fff4e0ba000 	C:\Windows\System32\FLTLIB.DLL
0x00007fff45e80000 - 0x00007fff45e8a000 	C:\Program Files\Java\jre-10.0.1\bin\dt_socket.dll
0x00007fff4d930000 - 0x00007fff4d996000 	C:\Windows\System32\mswsock.dll
0x00007fff4d6f0000 - 0x00007fff4d7ae000 	C:\Windows\SYSTEM32\DNSAPI.dll
0x00007fff50050000 - 0x00007fff50058000 	C:\Windows\System32\NSI.dll
0x00007fff4d6b0000 - 0x00007fff4d6e8000 	C:\Windows\SYSTEM32\IPHLPAPI.DLL
0x00007fff41fe0000 - 0x00007fff42052000 	C:\Windows\System32\fwpuclnt.dll
0x00007fff4dc10000 - 0x00007fff4dc35000 	C:\Windows\SYSTEM32\bcrypt.dll
0x00007fff42600000 - 0x00007fff4260a000 	C:\Windows\System32\rasadhlp.dll
0x00007fff39ff0000 - 0x00007fff3a00a000 	C:\Program Files\Java\jre-10.0.1\bin\net.dll
0x00007fff442b0000 - 0x00007fff4438c000 	C:\Windows\SYSTEM32\WINHTTP.dll
0x00007fff38610000 - 0x00007fff38621000 	C:\Program Files\Java\jre-10.0.1\bin\nio.dll

dbghelp: loaded successfully - version: 4.0.5 - missing functions: none
symbol engine: initialized successfully - sym options: 0x614 - pdb path: .;C:\Program Files\Java\jre-10.0.1\bin;C:\Windows\SYSTEM32;C:\Windows\WinSxS\amd64_microsoft.windows.common-controls_6595b64144ccf1df_6.0.17134.345_none_fb429a5930656358;C:\Program Files\Java\jre-10.0.1\bin\server

VM Arguments:
jvm_args: -agentlib:jdwp=transport=dt_socket,suspend=y,address=localhost:50034 -ea -javaagent:D:\Desenvolvimento\devStudio\studio\configuration\org.eclipse.osgi\358\0\.cp\lib\javaagent-shaded.jar -Dfile.encoding=UTF-8 
java_command: org.eclipse.jdt.internal.junit.runner.RemoteTestRunner -version 3 -port 50033 -testLoaderClass org.eclipse.jdt.internal.junit4.runner.JUnit4TestLoader -loaderpluginname org.eclipse.jdt.junit4.runtime -classNames br.com.acolhimento.teste.dao.EmpresaDAOTest
java_class_path (initial): D:\Desenvolvimento\Workspace\Acolhimento\target\test-classes;D:\Desenvolvimento\Workspace\Acolhimento\target\classes;C:\Users\gabri\.m2\repository\javassist\javassist\3.12.1.GA\javassist-3.12.1.GA.jar;C:\Users\gabri\.m2\repository\org\hibernate\hibernate-core\4.3.11.Final\hibernate-core-4.3.11.Final.jar;C:\Users\gabri\.m2\repository\org\jboss\logging\jboss-logging\3.1.3.GA\jboss-logging-3.1.3.GA.jar;C:\Users\gabri\.m2\repository\org\jboss\logging\jboss-logging-annotations\1.2.0.Beta1\jboss-logging-annotations-1.2.0.Beta1.jar;C:\Users\gabri\.m2\repository\org\jboss\spec\javax\transaction\jboss-transaction-api_1.2_spec\1.0.0.Final\jboss-transaction-api_1.2_spec-1.0.0.Final.jar;C:\Users\gabri\.m2\repository\dom4j\dom4j\1.6.1\dom4j-1.6.1.jar;C:\Users\gabri\.m2\repository\xml-apis\xml-apis\1.0.b2\xml-apis-1.0.b2.jar;C:\Users\gabri\.m2\repository\org\hibernate\common\hibernate-commons-annotations\4.0.5.Final\hibernate-commons-annotations-4.0.5.Final.jar;C:\Users\gabri\.m2\repository\org\javassist\javassist\3.18.1-GA\javassist-3.18.1-GA.jar;C:\Users\gabri\.m2\repository\antlr\antlr\2.7.7\antlr-2.7.7.jar;C:\Users\gabri\.m2\repository\org\jboss\jandex\1.1.0.Final\jandex-1.1.0.Final.jar;C:\Users\gabri\.m2\repository\mysql\mysql-connector-java\5.1.47\mysql-connector-java-5.1.47.jar;C:\Users\gabri\.m2\repository\javax\activation\activation\1.1.1\activation-1.1.1.jar;C:\Users\gabri\.m2\repository\org\hibernate\javax\persistence\hibernate-jpa-2.1-api\1.0.2.Final\hibernate-jpa-2.1-api-1.0.2.Final.jar;C:\Users\gabri\.m2\repository\commons-codec\commons-codec\1.10\commons-codec-1.10.jar;C:\Users\gabri\.m2\repository\org\slf4j\slf4j-log4j12\1.7.25\slf4j-log4j12-1.7.25.jar;C:\Users\gabri\.m2\repository\org\slf4j\slf4j-api\1.7.25\slf4j-api-1.7.25.jar;C:\Users\gabri\.m2\repository\log4j\log4j\1.2.17\log4j-1.2.17.jar;C:\Users\gabri\.m2\repository\junit\junit\4.12\junit-4.12.jar;C:\Users\gabri\.m2\repository\org\hamcrest\hamcrest-core\1.3\hamcrest-core-1.3.jar
Launcher Type: SUN_STANDARD

Logging:
Log output configuration:
#0: stdout all=warning uptime,level,tags
#1: stderr all=off uptime,level,tags

Environment Variables:
PATH=C:\Program Files (x86)\Common Files\Oracle\Java\javapath;C:\Windows\system32;C:\Windows;C:\Windows\System32\Wbem;C:\Windows\System32\WindowsPowerShell\v1.0\;C:\Windows\System32\OpenSSH\;C:\Program Files (x86)\NVIDIA Corporation\PhysX\Common;C:\Users\gabri\AppData\Local\Microsoft\WindowsApps;
USERNAME=gabri
OS=Windows_NT
PROCESSOR_IDENTIFIER=Intel64 Family 6 Model 69 Stepping 1, GenuineIntel



---------------  S Y S T E M  ---------------

OS: Windows 10 , 64 bit Build 17134 (10.0.17134.1)

CPU:total 4 (initial active 4) (2 cores per cpu, 2 threads per core) family 6 model 69 stepping 1, cmov, cx8, fxsr, mmx, sse, sse2, sse3, ssse3, sse4.1, sse4.2, popcnt, avx, avx2, aes, clmul, erms, lzcnt, ht, tsc, tscinvbit, bmi1, bmi2, fma

Memory: 4k page, physical 8290124k(3013944k free), swap 12330276k(2217284k free)

vm_info: Java HotSpot(TM) 64-Bit Server VM (10.0.1+10) for windows-amd64 JRE (10.0.1+10), built on Mar 27 2018 02:27:48 by "mach5one" with MS VC++ 12.0 (VS2013)

END.
